<?xml version="1.0" encoding="UTF-8"?>
<testng-results skipped="0" failed="0" total="4" passed="4">
  <reporter-output>
  </reporter-output>
  <suite name="Suite" duration-ms="108" started-at="2022-02-21T13:13:16Z" finished-at="2022-02-21T13:13:16Z">
    <groups>
      <group name="regression">
        <method signature="SecondClass.test1()[pri:0, instance:sample.SecondClass@fc185]" name="test1" class="sample.SecondClass"/>
      </group> <!-- regression -->
      <group name="sanity">
        <method signature="SecondClass.test2()[pri:0, instance:sample.SecondClass@fc185]" name="test2" class="sample.SecondClass"/>
      </group> <!-- sanity -->
    </groups>
    <test name="Test" duration-ms="54" started-at="2022-02-21T13:13:16Z" finished-at="2022-02-21T13:13:16Z">
      <class name="sample.SecondClass">
        <test-method status="PASS" signature="test1()[pri:0, instance:sample.SecondClass@fc185]" name="test1" duration-ms="17" started-at="2022-02-21T18:43:16Z" finished-at="2022-02-21T18:43:16Z">
          <reporter-output>
          </reporter-output>
        </test-method> <!-- test1 -->
        <test-method status="PASS" signature="test2()[pri:0, instance:sample.SecondClass@fc185]" name="test2" duration-ms="2" started-at="2022-02-21T18:43:16Z" finished-at="2022-02-21T18:43:16Z">
          <reporter-output>
          </reporter-output>
        </test-method> <!-- test2 -->
      </class> <!-- sample.SecondClass -->
    </test> <!-- Test -->
    <test name="Test1" duration-ms="9" started-at="2022-02-21T13:13:16Z" finished-at="2022-02-21T13:13:16Z">
      <class name="sample.FirstClass">
        <test-method status="PASS" signature="test1()[pri:0, instance:sample.FirstClass@17e2f02]" name="test1" duration-ms="2" started-at="2022-02-21T18:43:16Z" finished-at="2022-02-21T18:43:16Z">
          <reporter-output>
          </reporter-output>
        </test-method> <!-- test1 -->
        <test-method status="PASS" signature="test3()[pri:0, instance:sample.FirstClass@17e2f02]" name="test3" duration-ms="1" started-at="2022-02-21T18:43:16Z" finished-at="2022-02-21T18:43:16Z">
          <reporter-output>
          </reporter-output>
        </test-method> <!-- test3 -->
      </class> <!-- sample.FirstClass -->
    </test> <!-- Test1 -->
  </suite> <!-- Suite -->
</testng-results>
