<?xml version="1.0" encoding="UTF-8"?>
<testng-results skipped="0" failed="0" total="4" passed="4">
  <reporter-output>
  </reporter-output>
  <suite name="Default suite" duration-ms="55" started-at="2022-02-23T13:18:41Z" finished-at="2022-02-23T13:18:41Z">
    <groups>
    </groups>
    <test name="Default test" duration-ms="55" started-at="2022-02-23T13:18:41Z" finished-at="2022-02-23T13:18:41Z">
      <class name="org.seconday.Sample">
        <test-method status="PASS" signature="test1(java.lang.String, java.lang.String)[pri:0, instance:org.seconday.Sample@f5e5e3]" name="test1" duration-ms="14" started-at="2022-02-23T18:48:41Z" data-provider="sample" finished-at="2022-02-23T18:48:41Z">
          <params>
            <param index="0">
              <value>
                <![CDATA[1]]>
              </value>
            </param>
            <param index="1">
              <value>
                <![CDATA[2]]>
              </value>
            </param>
          </params>
          <reporter-output>
          </reporter-output>
        </test-method> <!-- test1 -->
        <test-method status="PASS" signature="test1(java.lang.String, java.lang.String)[pri:0, instance:org.seconday.Sample@f5e5e3]" name="test1" duration-ms="1" started-at="2022-02-23T18:48:41Z" data-provider="sample" finished-at="2022-02-23T18:48:41Z">
          <params>
            <param index="0">
              <value>
                <![CDATA[3]]>
              </value>
            </param>
            <param index="1">
              <value>
                <![CDATA[4]]>
              </value>
            </param>
          </params>
          <reporter-output>
          </reporter-output>
        </test-method> <!-- test1 -->
        <test-method status="PASS" signature="test2()[pri:0, instance:org.seconday.Sample@f5e5e3]" name="test2" duration-ms="2" started-at="2022-02-23T18:48:41Z" finished-at="2022-02-23T18:48:41Z">
          <reporter-output>
          </reporter-output>
        </test-method> <!-- test2 -->
        <test-method status="PASS" signature="test3()[pri:0, instance:org.seconday.Sample@f5e5e3]" name="test3" duration-ms="2" started-at="2022-02-23T18:48:41Z" finished-at="2022-02-23T18:48:41Z">
          <reporter-output>
          </reporter-output>
        </test-method> <!-- test3 -->
      </class> <!-- org.seconday.Sample -->
    </test> <!-- Default test -->
  </suite> <!-- Default suite -->
</testng-results>
