<?xml version="1.0" encoding="UTF-8"?>
<!-- Generated by org.testng.reporters.JUnitXMLReporter -->
<testsuite hostname="VRKRISH-PC" name="Test" tests="4" failures="1" timestamp="28 Feb 2022 16:13:06 GMT" time="0.074" errors="0">
  <testcase name="test1" time="0.018" classname="org.file.TestClass"/>
  <testcase name="test2" time="0.002" classname="org.file.TestClass"/>
  <testcase name="test3" time="0.005" classname="org.file.TestClass">
    <skipped/>
  </testcase> <!-- test3 -->
  <testcase name="test3" time="0.002" classname="org.file.TestClass">
    <failure type="java.lang.AssertionError" message="expected [false] but found [true]">
      <![CDATA[java.lang.AssertionError: expected [false] but found [true]
	at org.file.TestClass.test3(TestClass.java:30)
... Removed 28 stack frames]]>
    </failure>
  </testcase> <!-- test3 -->
</testsuite> <!-- Test -->
